[     497ms] [LOG] Supabase Studio is running commit b4a6897b1bd306d8d6c4fe504f47bafb5f7eee34 deployed at 2026-04-27 15:22:02 +02:00. @ https://frontend-assets.supabase.com/studio/b4a6897b1bd3/_next/static/chunks/0zw05ig0va5cn.js?dpl=dpl_9E1tH7ojyUzvcyzUVs7Bq1A4noiX:12
[     755ms] [WARNING] [Warning] Please install/enable Redux devtools extension @ https://frontend-assets.supabase.com/studio/b4a6897b1bd3/_next/static/chunks/0zw05ig0va5cn.js?dpl=dpl_9E1tH7ojyUzvcyzUVs7Bq1A4noiX:12
[    7844ms] [ERROR] Failed to load resource: the server responded with a status of 503 () @ https://collector.github.com/github/collect:0
[   12463ms] [ERROR] Failed to load resource: the server responded with a status of 503 () @ https://collector.github.com/github/collect:0
[   14027ms] [ERROR] Failed to load resource: the server responded with a status of 503 () @ https://collector.github.com/github/collect:0
[   14520ms] Uncaught Error: Minified React error #425; visit https://reactjs.org/docs/error-decoder.html?invariant=425 for the full message or use the non-minified dev environment for full errors and additional helpful warnings.
    at rh (https://frontend-assets.supabase.com/studio/b4a6897b1bd3/_next/static/chunks/0i8wy8tbht2ow.js?dpl=dpl_9E1tH7ojyUzvcyzUVs7Bq1A4noiX:1:44119)
    at <anonymous> (https://frontend-assets.supabase.com/studio/b4a6897b1bd3/_next/static/chunks/0i8wy8tbht2ow.js?dpl=dpl_9E1tH7ojyUzvcyzUVs7Bq1A4noiX:1:104492)
    at oO (https://frontend-assets.supabase.com/studio/b4a6897b1bd3/_next/static/chunks/0i8wy8tbht2ow.js?dpl=dpl_9E1tH7ojyUzvcyzUVs7Bq1A4noiX:1:110000)
    at oD (https://frontend-assets.supabase.com/studio/b4a6897b1bd3/_next/static/chunks/0i8wy8tbht2ow.js?dpl=dpl_9E1tH7ojyUzvcyzUVs7Bq1A4noiX:1:102951)
    at oR (https://frontend-assets.supabase.com/studio/b4a6897b1bd3/_next/static/chunks/0i8wy8tbht2ow.js?dpl=dpl_9E1tH7ojyUzvcyzUVs7Bq1A4noiX:1:102761)
    at oS (https://frontend-assets.supabase.com/studio/b4a6897b1bd3/_next/static/chunks/0i8wy8tbht2ow.js?dpl=dpl_9E1tH7ojyUzvcyzUVs7Bq1A4noiX:1:97834)
    at E (https://frontend-assets.supabase.com/studio/b4a6897b1bd3/_next/static/chunks/0i8wy8tbht2ow.js?dpl=dpl_9E1tH7ojyUzvcyzUVs7Bq1A4noiX:1:1491)
    at L (https://frontend-assets.supabase.com/studio/b4a6897b1bd3/_next/static/chunks/0i8wy8tbht2ow.js?dpl=dpl_9E1tH7ojyUzvcyzUVs7Bq1A4noiX:1:2012)
[   14521ms] Uncaught Error: Minified React error #418; visit https://reactjs.org/docs/error-decoder.html?invariant=418 for the full message or use the non-minified dev environment for full errors and additional helpful warnings.
    at lg (https://frontend-assets.supabase.com/studio/b4a6897b1bd3/_next/static/chunks/0i8wy8tbht2ow.js?dpl=dpl_9E1tH7ojyUzvcyzUVs7Bq1A4noiX:1:50409)
    at i (https://frontend-assets.supabase.com/studio/b4a6897b1bd3/_next/static/chunks/0i8wy8tbht2ow.js?dpl=dpl_9E1tH7ojyUzvcyzUVs7Bq1A4noiX:1:124903)
    at oD (https://frontend-assets.supabase.com/studio/b4a6897b1bd3/_next/static/chunks/0i8wy8tbht2ow.js?dpl=dpl_9E1tH7ojyUzvcyzUVs7Bq1A4noiX:1:102891)
    at oR (https://frontend-assets.supabase.com/studio/b4a6897b1bd3/_next/static/chunks/0i8wy8tbht2ow.js?dpl=dpl_9E1tH7ojyUzvcyzUVs7Bq1A4noiX:1:102761)
    at oS (https://frontend-assets.supabase.com/studio/b4a6897b1bd3/_next/static/chunks/0i8wy8tbht2ow.js?dpl=dpl_9E1tH7ojyUzvcyzUVs7Bq1A4noiX:1:97834)
    at E (https://frontend-assets.supabase.com/studio/b4a6897b1bd3/_next/static/chunks/0i8wy8tbht2ow.js?dpl=dpl_9E1tH7ojyUzvcyzUVs7Bq1A4noiX:1:1491)
    at L (https://frontend-assets.supabase.com/studio/b4a6897b1bd3/_next/static/chunks/0i8wy8tbht2ow.js?dpl=dpl_9E1tH7ojyUzvcyzUVs7Bq1A4noiX:1:2012)
[   14522ms] Uncaught Error: Minified React error #418; visit https://reactjs.org/docs/error-decoder.html?invariant=418 for the full message or use the non-minified dev environment for full errors and additional helpful warnings.
    at lg (https://frontend-assets.supabase.com/studio/b4a6897b1bd3/_next/static/chunks/0i8wy8tbht2ow.js?dpl=dpl_9E1tH7ojyUzvcyzUVs7Bq1A4noiX:1:50409)
    at i (https://frontend-assets.supabase.com/studio/b4a6897b1bd3/_next/static/chunks/0i8wy8tbht2ow.js?dpl=dpl_9E1tH7ojyUzvcyzUVs7Bq1A4noiX:1:124903)
    at oD (https://frontend-assets.supabase.com/studio/b4a6897b1bd3/_next/static/chunks/0i8wy8tbht2ow.js?dpl=dpl_9E1tH7ojyUzvcyzUVs7Bq1A4noiX:1:102891)
    at oR (https://frontend-assets.supabase.com/studio/b4a6897b1bd3/_next/static/chunks/0i8wy8tbht2ow.js?dpl=dpl_9E1tH7ojyUzvcyzUVs7Bq1A4noiX:1:102761)
    at oS (https://frontend-assets.supabase.com/studio/b4a6897b1bd3/_next/static/chunks/0i8wy8tbht2ow.js?dpl=dpl_9E1tH7ojyUzvcyzUVs7Bq1A4noiX:1:97834)
    at E (https://frontend-assets.supabase.com/studio/b4a6897b1bd3/_next/static/chunks/0i8wy8tbht2ow.js?dpl=dpl_9E1tH7ojyUzvcyzUVs7Bq1A4noiX:1:1491)
    at L (https://frontend-assets.supabase.com/studio/b4a6897b1bd3/_next/static/chunks/0i8wy8tbht2ow.js?dpl=dpl_9E1tH7ojyUzvcyzUVs7Bq1A4noiX:1:2012)
[   14522ms] Uncaught Error: Minified React error #418; visit https://reactjs.org/docs/error-decoder.html?invariant=418 for the full message or use the non-minified dev environment for full errors and additional helpful warnings.
    at lg (https://frontend-assets.supabase.com/studio/b4a6897b1bd3/_next/static/chunks/0i8wy8tbht2ow.js?dpl=dpl_9E1tH7ojyUzvcyzUVs7Bq1A4noiX:1:50409)
    at i (https://frontend-assets.supabase.com/studio/b4a6897b1bd3/_next/static/chunks/0i8wy8tbht2ow.js?dpl=dpl_9E1tH7ojyUzvcyzUVs7Bq1A4noiX:1:124903)
    at oD (https://frontend-assets.supabase.com/studio/b4a6897b1bd3/_next/static/chunks/0i8wy8tbht2ow.js?dpl=dpl_9E1tH7ojyUzvcyzUVs7Bq1A4noiX:1:102891)
    at oR (https://frontend-assets.supabase.com/studio/b4a6897b1bd3/_next/static/chunks/0i8wy8tbht2ow.js?dpl=dpl_9E1tH7ojyUzvcyzUVs7Bq1A4noiX:1:102761)
    at oS (https://frontend-assets.supabase.com/studio/b4a6897b1bd3/_next/static/chunks/0i8wy8tbht2ow.js?dpl=dpl_9E1tH7ojyUzvcyzUVs7Bq1A4noiX:1:97834)
    at E (https://frontend-assets.supabase.com/studio/b4a6897b1bd3/_next/static/chunks/0i8wy8tbht2ow.js?dpl=dpl_9E1tH7ojyUzvcyzUVs7Bq1A4noiX:1:1491)
    at L (https://frontend-assets.supabase.com/studio/b4a6897b1bd3/_next/static/chunks/0i8wy8tbht2ow.js?dpl=dpl_9E1tH7ojyUzvcyzUVs7Bq1A4noiX:1:2012)
[   14522ms] Uncaught Error: Minified React error #418; visit https://reactjs.org/docs/error-decoder.html?invariant=418 for the full message or use the non-minified dev environment for full errors and additional helpful warnings.
    at lg (https://frontend-assets.supabase.com/studio/b4a6897b1bd3/_next/static/chunks/0i8wy8tbht2ow.js?dpl=dpl_9E1tH7ojyUzvcyzUVs7Bq1A4noiX:1:50409)
    at i (https://frontend-assets.supabase.com/studio/b4a6897b1bd3/_next/static/chunks/0i8wy8tbht2ow.js?dpl=dpl_9E1tH7ojyUzvcyzUVs7Bq1A4noiX:1:124903)
    at oD (https://frontend-assets.supabase.com/studio/b4a6897b1bd3/_next/static/chunks/0i8wy8tbht2ow.js?dpl=dpl_9E1tH7ojyUzvcyzUVs7Bq1A4noiX:1:102891)
    at oR (https://frontend-assets.supabase.com/studio/b4a6897b1bd3/_next/static/chunks/0i8wy8tbht2ow.js?dpl=dpl_9E1tH7ojyUzvcyzUVs7Bq1A4noiX:1:102761)
    at oS (https://frontend-assets.supabase.com/studio/b4a6897b1bd3/_next/static/chunks/0i8wy8tbht2ow.js?dpl=dpl_9E1tH7ojyUzvcyzUVs7Bq1A4noiX:1:97834)
    at E (https://frontend-assets.supabase.com/studio/b4a6897b1bd3/_next/static/chunks/0i8wy8tbht2ow.js?dpl=dpl_9E1tH7ojyUzvcyzUVs7Bq1A4noiX:1:1491)
    at L (https://frontend-assets.supabase.com/studio/b4a6897b1bd3/_next/static/chunks/0i8wy8tbht2ow.js?dpl=dpl_9E1tH7ojyUzvcyzUVs7Bq1A4noiX:1:2012)
[   14522ms] Uncaught Error: Minified React error #418; visit https://reactjs.org/docs/error-decoder.html?invariant=418 for the full message or use the non-minified dev environment for full errors and additional helpful warnings.
    at lg (https://frontend-assets.supabase.com/studio/b4a6897b1bd3/_next/static/chunks/0i8wy8tbht2ow.js?dpl=dpl_9E1tH7ojyUzvcyzUVs7Bq1A4noiX:1:50409)
    at i (https://frontend-assets.supabase.com/studio/b4a6897b1bd3/_next/static/chunks/0i8wy8tbht2ow.js?dpl=dpl_9E1tH7ojyUzvcyzUVs7Bq1A4noiX:1:124903)
    at oD (https://frontend-assets.supabase.com/studio/b4a6897b1bd3/_next/static/chunks/0i8wy8tbht2ow.js?dpl=dpl_9E1tH7ojyUzvcyzUVs7Bq1A4noiX:1:102891)
    at oR (https://frontend-assets.supabase.com/studio/b4a6897b1bd3/_next/static/chunks/0i8wy8tbht2ow.js?dpl=dpl_9E1tH7ojyUzvcyzUVs7Bq1A4noiX:1:102761)
    at oS (https://frontend-assets.supabase.com/studio/b4a6897b1bd3/_next/static/chunks/0i8wy8tbht2ow.js?dpl=dpl_9E1tH7ojyUzvcyzUVs7Bq1A4noiX:1:97834)
    at E (https://frontend-assets.supabase.com/studio/b4a6897b1bd3/_next/static/chunks/0i8wy8tbht2ow.js?dpl=dpl_9E1tH7ojyUzvcyzUVs7Bq1A4noiX:1:1491)
    at L (https://frontend-assets.supabase.com/studio/b4a6897b1bd3/_next/static/chunks/0i8wy8tbht2ow.js?dpl=dpl_9E1tH7ojyUzvcyzUVs7Bq1A4noiX:1:2012)
[   14522ms] Uncaught Error: Minified React error #418; visit https://reactjs.org/docs/error-decoder.html?invariant=418 for the full message or use the non-minified dev environment for full errors and additional helpful warnings.
    at lg (https://frontend-assets.supabase.com/studio/b4a6897b1bd3/_next/static/chunks/0i8wy8tbht2ow.js?dpl=dpl_9E1tH7ojyUzvcyzUVs7Bq1A4noiX:1:50409)
    at i (https://frontend-assets.supabase.com/studio/b4a6897b1bd3/_next/static/chunks/0i8wy8tbht2ow.js?dpl=dpl_9E1tH7ojyUzvcyzUVs7Bq1A4noiX:1:124903)
    at oD (https://frontend-assets.supabase.com/studio/b4a6897b1bd3/_next/static/chunks/0i8wy8tbht2ow.js?dpl=dpl_9E1tH7ojyUzvcyzUVs7Bq1A4noiX:1:102891)
    at oR (https://frontend-assets.supabase.com/studio/b4a6897b1bd3/_next/static/chunks/0i8wy8tbht2ow.js?dpl=dpl_9E1tH7ojyUzvcyzUVs7Bq1A4noiX:1:102761)
    at oS (https://frontend-assets.supabase.com/studio/b4a6897b1bd3/_next/static/chunks/0i8wy8tbht2ow.js?dpl=dpl_9E1tH7ojyUzvcyzUVs7Bq1A4noiX:1:97834)
    at E (https://frontend-assets.supabase.com/studio/b4a6897b1bd3/_next/static/chunks/0i8wy8tbht2ow.js?dpl=dpl_9E1tH7ojyUzvcyzUVs7Bq1A4noiX:1:1491)
    at L (https://frontend-assets.supabase.com/studio/b4a6897b1bd3/_next/static/chunks/0i8wy8tbht2ow.js?dpl=dpl_9E1tH7ojyUzvcyzUVs7Bq1A4noiX:1:2012)
[   14523ms] Uncaught Error: Minified React error #418; visit https://reactjs.org/docs/error-decoder.html?invariant=418 for the full message or use the non-minified dev environment for full errors and additional helpful warnings.
    at lg (https://frontend-assets.supabase.com/studio/b4a6897b1bd3/_next/static/chunks/0i8wy8tbht2ow.js?dpl=dpl_9E1tH7ojyUzvcyzUVs7Bq1A4noiX:1:50409)
    at i (https://frontend-assets.supabase.com/studio/b4a6897b1bd3/_next/static/chunks/0i8wy8tbht2ow.js?dpl=dpl_9E1tH7ojyUzvcyzUVs7Bq1A4noiX:1:124903)
    at oD (https://frontend-assets.supabase.com/studio/b4a6897b1bd3/_next/static/chunks/0i8wy8tbht2ow.js?dpl=dpl_9E1tH7ojyUzvcyzUVs7Bq1A4noiX:1:102891)
    at oR (https://frontend-assets.supabase.com/studio/b4a6897b1bd3/_next/static/chunks/0i8wy8tbht2ow.js?dpl=dpl_9E1tH7ojyUzvcyzUVs7Bq1A4noiX:1:102761)
    at oS (https://frontend-assets.supabase.com/studio/b4a6897b1bd3/_next/static/chunks/0i8wy8tbht2ow.js?dpl=dpl_9E1tH7ojyUzvcyzUVs7Bq1A4noiX:1:97834)
    at E (https://frontend-assets.supabase.com/studio/b4a6897b1bd3/_next/static/chunks/0i8wy8tbht2ow.js?dpl=dpl_9E1tH7ojyUzvcyzUVs7Bq1A4noiX:1:1491)
    at L (https://frontend-assets.supabase.com/studio/b4a6897b1bd3/_next/static/chunks/0i8wy8tbht2ow.js?dpl=dpl_9E1tH7ojyUzvcyzUVs7Bq1A4noiX:1:2012)
[   14523ms] Uncaught Error: No QueryClient set, use QueryClientProvider to set one
    at <anonymous> (https://frontend-assets.supabase.com/studio/b4a6897b1bd3/_next/static/chunks/0y8w_~icj5.ux.js?dpl=dpl_9E1tH7ojyUzvcyzUVs7Bq1A4noiX:1:3869)
    at p (https://frontend-assets.supabase.com/studio/b4a6897b1bd3/_next/static/chunks/0y8w_~icj5.ux.js?dpl=dpl_9E1tH7ojyUzvcyzUVs7Bq1A4noiX:3:18966)
    at <anonymous> (https://frontend-assets.supabase.com/studio/b4a6897b1bd3/_next/static/chunks/0y8w_~icj5.ux.js?dpl=dpl_9E1tH7ojyUzvcyzUVs7Bq1A4noiX:3:20173)
    at <anonymous> (https://frontend-assets.supabase.com/studio/b4a6897b1bd3/_next/static/chunks/0jf.8xnd5umr_.js?dpl=dpl_9E1tH7ojyUzvcyzUVs7Bq1A4noiX:9:15190)
    at <anonymous> (https://frontend-assets.supabase.com/studio/b4a6897b1bd3/_next/static/chunks/0jf.8xnd5umr_.js?dpl=dpl_9E1tH7ojyUzvcyzUVs7Bq1A4noiX:9:15378)
    at ts (https://frontend-assets.supabase.com/studio/b4a6897b1bd3/_next/static/chunks/0mb3s2d3sy0mj.js?dpl=dpl_9E1tH7ojyUzvcyzUVs7Bq1A4noiX:1:32386)
    at ad (https://frontend-assets.supabase.com/studio/b4a6897b1bd3/_next/static/chunks/0i8wy8tbht2ow.js?dpl=dpl_9E1tH7ojyUzvcyzUVs7Bq1A4noiX:1:62358)
    at i (https://frontend-assets.supabase.com/studio/b4a6897b1bd3/_next/static/chunks/0i8wy8tbht2ow.js?dpl=dpl_9E1tH7ojyUzvcyzUVs7Bq1A4noiX:1:123210)
    at oD (https://frontend-assets.supabase.com/studio/b4a6897b1bd3/_next/static/chunks/0i8wy8tbht2ow.js?dpl=dpl_9E1tH7ojyUzvcyzUVs7Bq1A4noiX:1:102891)
    at oR (https://frontend-assets.supabase.com/studio/b4a6897b1bd3/_next/static/chunks/0i8wy8tbht2ow.js?dpl=dpl_9E1tH7ojyUzvcyzUVs7Bq1A4noiX:1:102761)
    at oS (https://frontend-assets.supabase.com/studio/b4a6897b1bd3/_next/static/chunks/0i8wy8tbht2ow.js?dpl=dpl_9E1tH7ojyUzvcyzUVs7Bq1A4noiX:1:97834)
    at E (https://frontend-assets.supabase.com/studio/b4a6897b1bd3/_next/static/chunks/0i8wy8tbht2ow.js?dpl=dpl_9E1tH7ojyUzvcyzUVs7Bq1A4noiX:1:1491)
    at L (https://frontend-assets.supabase.com/studio/b4a6897b1bd3/_next/static/chunks/0i8wy8tbht2ow.js?dpl=dpl_9E1tH7ojyUzvcyzUVs7Bq1A4noiX:1:2012)
[   14523ms] Uncaught Error: Minified React error #423; visit https://reactjs.org/docs/error-decoder.html?invariant=423 for the full message or use the non-minified dev environment for full errors and additional helpful warnings.
    at i (https://frontend-assets.supabase.com/studio/b4a6897b1bd3/_next/static/chunks/0i8wy8tbht2ow.js?dpl=dpl_9E1tH7ojyUzvcyzUVs7Bq1A4noiX:1:124562)
    at oD (https://frontend-assets.supabase.com/studio/b4a6897b1bd3/_next/static/chunks/0i8wy8tbht2ow.js?dpl=dpl_9E1tH7ojyUzvcyzUVs7Bq1A4noiX:1:102891)
    at oR (https://frontend-assets.supabase.com/studio/b4a6897b1bd3/_next/static/chunks/0i8wy8tbht2ow.js?dpl=dpl_9E1tH7ojyUzvcyzUVs7Bq1A4noiX:1:102761)
    at ox (https://frontend-assets.supabase.com/studio/b4a6897b1bd3/_next/static/chunks/0i8wy8tbht2ow.js?dpl=dpl_9E1tH7ojyUzvcyzUVs7Bq1A4noiX:1:99532)
    at oS (https://frontend-assets.supabase.com/studio/b4a6897b1bd3/_next/static/chunks/0i8wy8tbht2ow.js?dpl=dpl_9E1tH7ojyUzvcyzUVs7Bq1A4noiX:1:98087)
    at E (https://frontend-assets.supabase.com/studio/b4a6897b1bd3/_next/static/chunks/0i8wy8tbht2ow.js?dpl=dpl_9E1tH7ojyUzvcyzUVs7Bq1A4noiX:1:1491)
    at L (https://frontend-assets.supabase.com/studio/b4a6897b1bd3/_next/static/chunks/0i8wy8tbht2ow.js?dpl=dpl_9E1tH7ojyUzvcyzUVs7Bq1A4noiX:1:2012)
